2023-03-22 12:23:09,165 [1] DEBUG Motocliclisti.Form1 - Test
2023-03-22 12:23:11,668 [1] ERROR Motocliclisti.Form1 - start test
2023-03-25 21:57:35,588 [1] DEBUG Motocliclisti.Form1 - Test
2023-03-25 21:59:14,347 [1] DEBUG Motocliclisti.Form1 - Test
2023-03-25 22:03:22,397 [1] DEBUG Motocliclisti.Form1 - Test
2023-03-25 22:03:25,432 [1] INFO Motocliclisti.Repo.UserDbRepo - creating UserDBRepo
2023-03-25 22:03:25,433 [1] INFO Motocliclisti.Repo.UserDbRepo - searching for user c
2023-03-25 22:03:25,466 [1] INFO Motocliclisti.Repo.UserDbRepo - getting users from DB
2023-03-25 22:03:25,904 [1] INFO Motocliclisti.Repo.UserDbRepo - --user not found
2023-03-25 22:03:29,772 [1] INFO Motocliclisti.Repo.UserDbRepo - creating UserDBRepo
2023-03-25 22:03:29,772 [1] INFO Motocliclisti.Repo.UserDbRepo - searching for user a
2023-03-25 22:03:29,772 [1] INFO Motocliclisti.Repo.UserDbRepo - getting users from DB
2023-03-25 22:03:29,774 [1] INFO Motocliclisti.Repo.UserDbRepo - --user found
2023-03-25 22:03:32,193 [1] INFO Motocliclisti.Repo.UserDbRepo - creating UserDBRepo
2023-03-25 22:03:32,193 [1] INFO Motocliclisti.Repo.UserDbRepo - searching for user a
2023-03-25 22:03:32,193 [1] INFO Motocliclisti.Repo.UserDbRepo - getting users from DB
2023-03-25 22:03:32,195 [1] INFO Motocliclisti.Repo.UserDbRepo - --user found
2023-03-25 22:10:39,191 [1] DEBUG Motocliclisti.Form1 - Test
2023-03-25 22:10:42,421 [1] INFO Motocliclisti.Repo.UserDbRepo - creating UserDBRepo
2023-03-25 22:10:42,423 [1] INFO Motocliclisti.Repo.UserDbRepo - searching for user a
2023-03-25 22:10:42,436 [1] INFO Motocliclisti.Repo.UserDbRepo - getting users from DB
2023-03-25 22:10:42,548 [1] INFO Motocliclisti.Repo.UserDbRepo - --user found
2023-03-25 22:10:42,551 [1] INFO Motocliclisti.Repo.ProbeDbRepo - getting probes from DB
2023-03-25 22:10:47,764 [1] INFO Motocliclisti.Repo.UserDbRepo - creating UserDBRepo
2023-03-25 22:10:47,764 [1] INFO Motocliclisti.Repo.UserDbRepo - searching for user a
2023-03-25 22:10:47,764 [1] INFO Motocliclisti.Repo.UserDbRepo - getting users from DB
2023-03-25 22:10:47,768 [1] INFO Motocliclisti.Repo.UserDbRepo - --user found
2023-03-25 22:10:47,768 [1] INFO Motocliclisti.Repo.ProbeDbRepo - getting probes from DB
2023-03-25 22:11:01,580 [1] DEBUG Motocliclisti.Form1 - Test
2023-03-25 22:11:04,538 [1] INFO Motocliclisti.Repo.UserDbRepo - creating UserDBRepo
2023-03-25 22:11:04,540 [1] INFO Motocliclisti.Repo.UserDbRepo - searching for user a
2023-03-25 22:11:04,554 [1] INFO Motocliclisti.Repo.UserDbRepo - getting users from DB
2023-03-25 22:11:04,653 [1] INFO Motocliclisti.Repo.UserDbRepo - --user found
2023-03-25 22:11:04,655 [1] INFO Motocliclisti.Repo.ProbeDbRepo - getting probes from DB
2023-03-25 22:11:34,239 [1] DEBUG Motocliclisti.Form1 - Test
2023-03-25 22:11:37,536 [1] INFO Motocliclisti.Repo.UserDbRepo - creating UserDBRepo
2023-03-25 22:11:37,537 [1] INFO Motocliclisti.Repo.UserDbRepo - searching for user a
2023-03-25 22:11:37,550 [1] INFO Motocliclisti.Repo.UserDbRepo - getting users from DB
2023-03-25 22:11:37,644 [1] INFO Motocliclisti.Repo.UserDbRepo - --user found
2023-03-25 22:11:37,645 [1] INFO Motocliclisti.Repo.ProbeDbRepo - getting probes from DB
2023-03-25 22:12:04,535 [1] DEBUG Motocliclisti.Form1 - Test
2023-03-25 22:12:08,007 [1] INFO Motocliclisti.Repo.UserDbRepo - creating UserDBRepo
2023-03-25 22:12:08,008 [1] INFO Motocliclisti.Repo.UserDbRepo - searching for user a
2023-03-25 22:12:08,031 [1] INFO Motocliclisti.Repo.UserDbRepo - getting users from DB
2023-03-25 22:12:08,170 [1] INFO Motocliclisti.Repo.UserDbRepo - --user found
2023-03-25 22:12:11,642 [1] INFO Motocliclisti.Repo.UserDbRepo - creating UserDBRepo
2023-03-25 22:12:11,642 [1] INFO Motocliclisti.Repo.UserDbRepo - searching for user a
2023-03-25 22:12:11,642 [1] INFO Motocliclisti.Repo.UserDbRepo - getting users from DB
2023-03-25 22:12:11,643 [1] INFO Motocliclisti.Repo.UserDbRepo - --user found
2023-03-25 22:12:11,645 [1] INFO Motocliclisti.Repo.ProbeDbRepo - getting probes from DB
2023-03-25 22:13:42,702 [1] DEBUG Motocliclisti.Form1 - Test
2023-03-25 22:13:45,446 [1] INFO Motocliclisti.Repo.UserDbRepo - creating UserDBRepo
2023-03-25 22:13:45,447 [1] INFO Motocliclisti.Repo.UserDbRepo - searching for user a
2023-03-25 22:13:45,460 [1] INFO Motocliclisti.Repo.UserDbRepo - getting users from DB
2023-03-25 22:13:45,549 [1] INFO Motocliclisti.Repo.UserDbRepo - --user found
2023-03-25 22:13:45,551 [1] INFO Motocliclisti.Repo.ProbeDbRepo - getting probes from DB
2023-03-25 22:30:50,312 [1] DEBUG Motocliclisti.Form1 - Test
2023-03-25 22:30:50,334 [1] INFO Motocliclisti.Repo.UserDbRepo - creating UserDBRepo
2023-03-25 22:31:01,465 [1] INFO Motocliclisti.Repo.UserDbRepo - creating UserDBRepo
2023-03-25 22:31:01,466 [1] INFO Motocliclisti.Repo.UserDbRepo - searching for user aaaa
2023-03-25 22:31:01,482 [1] INFO Motocliclisti.Repo.UserDbRepo - getting users from DB
2023-03-25 22:31:01,618 [1] INFO Motocliclisti.Repo.UserDbRepo - --user not found
2023-03-25 22:31:04,958 [1] INFO Motocliclisti.Repo.UserDbRepo - creating UserDBRepo
2023-03-25 22:31:04,958 [1] INFO Motocliclisti.Repo.UserDbRepo - searching for user a
2023-03-25 22:31:04,958 [1] INFO Motocliclisti.Repo.UserDbRepo - getting users from DB
2023-03-25 22:31:04,959 [1] INFO Motocliclisti.Repo.UserDbRepo - --user found
2023-03-25 22:31:08,288 [1] INFO Motocliclisti.Repo.UserDbRepo - creating UserDBRepo
2023-03-25 22:31:08,288 [1] INFO Motocliclisti.Repo.UserDbRepo - searching for user a
2023-03-25 22:31:08,288 [1] INFO Motocliclisti.Repo.UserDbRepo - getting users from DB
2023-03-25 22:31:08,290 [1] INFO Motocliclisti.Repo.UserDbRepo - --user found
2023-03-25 22:31:33,501 [1] DEBUG Motocliclisti.Form1 - Test
2023-03-25 22:31:33,515 [1] INFO Motocliclisti.Repo.UserDbRepo - creating UserDBRepo
2023-03-25 22:31:36,112 [1] INFO Motocliclisti.Repo.UserDbRepo - creating UserDBRepo
2023-03-25 22:31:36,113 [1] INFO Motocliclisti.Repo.UserDbRepo - searching for user a
2023-03-25 22:31:36,128 [1] INFO Motocliclisti.Repo.UserDbRepo - getting users from DB
2023-03-25 22:31:36,229 [1] INFO Motocliclisti.Repo.UserDbRepo - --user found
2023-03-25 22:31:56,389 [1] DEBUG Motocliclisti.Form1 - Test
2023-03-25 22:31:56,403 [1] INFO Motocliclisti.Repo.UserDbRepo - creating UserDBRepo
2023-03-25 22:31:58,927 [1] INFO Motocliclisti.Repo.UserDbRepo - creating UserDBRepo
2023-03-25 22:31:58,929 [1] INFO Motocliclisti.Repo.UserDbRepo - searching for user a
2023-03-25 22:31:58,943 [1] INFO Motocliclisti.Repo.UserDbRepo - getting users from DB
2023-03-25 22:31:59,041 [1] INFO Motocliclisti.Repo.UserDbRepo - --user found
2023-03-25 22:32:20,386 [1] DEBUG Motocliclisti.Form1 - Test
2023-03-25 22:32:20,400 [1] INFO Motocliclisti.Repo.UserDbRepo - creating UserDBRepo
2023-03-25 22:32:22,635 [1] INFO Motocliclisti.Repo.UserDbRepo - creating UserDBRepo
2023-03-25 22:32:22,636 [1] INFO Motocliclisti.Repo.UserDbRepo - searching for user a
2023-03-25 22:32:22,653 [1] INFO Motocliclisti.Repo.UserDbRepo - getting users from DB
2023-03-25 22:32:22,745 [1] INFO Motocliclisti.Repo.UserDbRepo - --user found
2023-03-25 22:33:08,857 [1] DEBUG Motocliclisti.Form1 - Test
2023-03-25 22:33:08,882 [1] INFO Motocliclisti.Repo.UserDbRepo - creating UserDBRepo
2023-03-25 22:33:11,634 [1] INFO Motocliclisti.Repo.UserDbRepo - creating UserDBRepo
2023-03-25 22:33:11,635 [1] INFO Motocliclisti.Repo.UserDbRepo - searching for user a
2023-03-25 22:33:11,651 [1] INFO Motocliclisti.Repo.UserDbRepo - getting users from DB
2023-03-25 22:33:11,761 [1] INFO Motocliclisti.Repo.UserDbRepo - --user found
2023-03-25 22:33:36,892 [1] DEBUG Motocliclisti.Form1 - Test
2023-03-25 22:33:36,906 [1] INFO Motocliclisti.Repo.UserDbRepo - creating UserDBRepo
2023-03-25 22:33:38,510 [1] INFO Motocliclisti.Repo.UserDbRepo - creating UserDBRepo
2023-03-25 22:33:38,511 [1] INFO Motocliclisti.Repo.UserDbRepo - searching for user a
2023-03-25 22:33:38,525 [1] INFO Motocliclisti.Repo.UserDbRepo - getting users from DB
2023-03-25 22:33:38,633 [1] INFO Motocliclisti.Repo.UserDbRepo - --user found
2023-03-25 22:33:50,709 [1] DEBUG Motocliclisti.Form1 - Test
2023-03-25 22:33:50,728 [1] INFO Motocliclisti.Repo.UserDbRepo - creating UserDBRepo
2023-03-25 22:33:52,405 [1] INFO Motocliclisti.Repo.UserDbRepo - creating UserDBRepo
2023-03-25 22:33:52,406 [1] INFO Motocliclisti.Repo.UserDbRepo - searching for user a
2023-03-25 22:33:52,421 [1] INFO Motocliclisti.Repo.UserDbRepo - getting users from DB
2023-03-25 22:33:52,536 [1] INFO Motocliclisti.Repo.UserDbRepo - --user found
2023-03-25 22:41:19,871 [1] DEBUG Motocliclisti.Form1 - Test
2023-03-25 22:41:19,886 [1] INFO Motocliclisti.Repo.UserDbRepo - creating UserDBRepo
2023-03-25 22:41:22,426 [1] INFO Motocliclisti.Repo.UserDbRepo - creating UserDBRepo
2023-03-25 22:41:22,426 [1] INFO Motocliclisti.Repo.UserDbRepo - searching for user a
2023-03-25 22:41:22,446 [1] INFO Motocliclisti.Repo.UserDbRepo - getting users from DB
2023-03-25 22:41:22,556 [1] INFO Motocliclisti.Repo.UserDbRepo - --user found
2023-03-25 22:41:22,556 [1] INFO Motocliclisti.Repo.ProbeDbRepo - getting probes from DB
2023-03-25 22:42:46,710 [1] DEBUG Motocliclisti.Form1 - Test
2023-03-25 22:42:46,735 [1] INFO Motocliclisti.Repo.UserDbRepo - creating UserDBRepo
2023-03-25 22:42:49,649 [1] INFO Motocliclisti.Repo.UserDbRepo - creating UserDBRepo
2023-03-25 22:42:49,650 [1] INFO Motocliclisti.Repo.UserDbRepo - searching for user a
2023-03-25 22:42:49,658 [1] INFO Motocliclisti.Repo.UserDbRepo - getting users from DB
2023-03-25 22:42:49,760 [1] INFO Motocliclisti.Repo.UserDbRepo - --user found
2023-03-25 22:42:49,765 [1] INFO Motocliclisti.Repo.ProbeDbRepo - getting probes from DB
2023-03-25 22:43:02,920 [1] DEBUG Motocliclisti.Form1 - Test
2023-03-25 22:43:02,934 [1] INFO Motocliclisti.Repo.UserDbRepo - creating UserDBRepo
2023-03-25 22:43:05,816 [1] INFO Motocliclisti.Repo.UserDbRepo - creating UserDBRepo
2023-03-25 22:43:05,816 [1] INFO Motocliclisti.Repo.UserDbRepo - searching for user a
2023-03-25 22:43:05,835 [1] INFO Motocliclisti.Repo.UserDbRepo - getting users from DB
2023-03-25 22:43:05,927 [1] INFO Motocliclisti.Repo.UserDbRepo - --user found
2023-03-25 22:43:05,928 [1] INFO Motocliclisti.Repo.ProbeDbRepo - getting probes from DB
2023-03-25 22:55:48,374 [1] DEBUG Motocliclisti.Form1 - Test
2023-03-25 22:55:48,388 [1] INFO Motocliclisti.Repo.UserDbRepo - creating UserDBRepo
2023-03-25 22:55:48,389 [1] INFO Motocliclisti.Repo.ParticipantDbRepo - creating TeamDBRepo
2023-03-25 22:55:50,682 [1] INFO Motocliclisti.Repo.UserDbRepo - creating UserDBRepo
2023-03-25 22:55:50,683 [1] INFO Motocliclisti.Repo.UserDbRepo - searching for user a
2023-03-25 22:55:50,699 [1] INFO Motocliclisti.Repo.UserDbRepo - getting users from DB
2023-03-25 22:55:50,795 [1] INFO Motocliclisti.Repo.UserDbRepo - --user found
2023-03-25 22:55:50,799 [1] INFO Motocliclisti.Repo.ProbeDbRepo - getting probes from DB
2023-03-25 22:55:54,807 [1] INFO Motocliclisti.Repo.TeamDbRepo - getting teams from DB
2023-03-25 22:55:54,809 [1] INFO Motocliclisti.Repo.ParticipantDbRepo - getting participants by team
2023-03-25 22:56:57,060 [1] DEBUG Motocliclisti.Form1 - Test
2023-03-25 22:56:57,075 [1] INFO Motocliclisti.Repo.UserDbRepo - creating UserDBRepo
2023-03-25 22:56:57,075 [1] INFO Motocliclisti.Repo.ParticipantDbRepo - creating TeamDBRepo
2023-03-25 22:57:00,008 [1] INFO Motocliclisti.Repo.UserDbRepo - creating UserDBRepo
2023-03-25 22:57:00,009 [1] INFO Motocliclisti.Repo.UserDbRepo - searching for user a
2023-03-25 22:57:00,027 [1] INFO Motocliclisti.Repo.UserDbRepo - getting users from DB
2023-03-25 22:57:00,121 [1] INFO Motocliclisti.Repo.UserDbRepo - --user found
2023-03-25 22:57:00,125 [1] INFO Motocliclisti.Repo.ProbeDbRepo - getting probes from DB
2023-03-25 22:57:03,004 [1] INFO Motocliclisti.Repo.TeamDbRepo - getting teams from DB
2023-03-25 22:57:03,006 [1] INFO Motocliclisti.Repo.ParticipantDbRepo - getting participants by team
2023-03-25 22:57:43,492 [1] DEBUG Motocliclisti.Form1 - Test
2023-03-25 22:57:43,506 [1] INFO Motocliclisti.Repo.UserDbRepo - creating UserDBRepo
2023-03-25 22:57:43,507 [1] INFO Motocliclisti.Repo.ParticipantDbRepo - creating TeamDBRepo
2023-03-25 22:57:45,292 [1] INFO Motocliclisti.Repo.UserDbRepo - creating UserDBRepo
2023-03-25 22:57:45,293 [1] INFO Motocliclisti.Repo.UserDbRepo - searching for user a
2023-03-25 22:57:45,311 [1] INFO Motocliclisti.Repo.UserDbRepo - getting users from DB
2023-03-25 22:57:45,413 [1] INFO Motocliclisti.Repo.UserDbRepo - --user found
2023-03-25 22:57:45,415 [1] INFO Motocliclisti.Repo.ProbeDbRepo - getting probes from DB
2023-03-25 22:57:47,747 [1] INFO Motocliclisti.Repo.TeamDbRepo - getting teams from DB
2023-03-25 22:57:47,750 [1] INFO Motocliclisti.Repo.ParticipantDbRepo - getting participants by team
2023-03-25 23:06:52,124 [1] DEBUG Motocliclisti.Form1 - Test
2023-03-25 23:06:52,147 [1] INFO Motocliclisti.Repo.UserDbRepo - creating UserDBRepo
2023-03-25 23:06:52,148 [1] INFO Motocliclisti.Repo.ParticipantDbRepo - creating TeamDBRepo
2023-03-25 23:06:59,245 [1] INFO Motocliclisti.Repo.UserDbRepo - creating UserDBRepo
2023-03-25 23:06:59,247 [1] INFO Motocliclisti.Repo.UserDbRepo - searching for user a
2023-03-25 23:06:59,261 [1] INFO Motocliclisti.Repo.UserDbRepo - getting users from DB
2023-03-25 23:06:59,368 [1] INFO Motocliclisti.Repo.UserDbRepo - --user found
2023-03-25 23:06:59,372 [1] INFO Motocliclisti.Repo.ProbeDbRepo - getting probes from DB
2023-03-25 23:09:37,940 [1] DEBUG Motocliclisti.Form1 - Test
2023-03-25 23:09:37,958 [1] INFO Motocliclisti.Repo.UserDbRepo - creating UserDBRepo
2023-03-25 23:09:37,959 [1] INFO Motocliclisti.Repo.ParticipantDbRepo - creating TeamDBRepo
2023-03-25 23:09:40,675 [1] INFO Motocliclisti.Repo.UserDbRepo - creating UserDBRepo
2023-03-25 23:09:40,677 [1] INFO Motocliclisti.Repo.UserDbRepo - searching for user a
2023-03-25 23:09:40,693 [1] INFO Motocliclisti.Repo.UserDbRepo - getting users from DB
2023-03-25 23:09:40,800 [1] INFO Motocliclisti.Repo.UserDbRepo - --user found
2023-03-25 23:09:40,803 [1] INFO Motocliclisti.Repo.ProbeDbRepo - getting probes from DB
2023-03-25 23:09:42,846 [1] INFO Motocliclisti.Repo.ProbeDbRepo - getting probes from DB
2023-03-25 23:09:42,848 [1] INFO Motocliclisti.Repo.TeamDbRepo - getting teams from DB
2023-03-25 23:15:42,365 [1] DEBUG Motocliclisti.Form1 - Test
2023-03-25 23:15:42,388 [1] INFO Motocliclisti.Repo.UserDbRepo - creating UserDBRepo
2023-03-25 23:15:42,389 [1] INFO Motocliclisti.Repo.ParticipantDbRepo - creating TeamDBRepo
2023-03-25 23:15:44,158 [1] INFO Motocliclisti.Repo.UserDbRepo - creating UserDBRepo
2023-03-25 23:15:44,159 [1] INFO Motocliclisti.Repo.UserDbRepo - searching for user a
2023-03-25 23:15:44,185 [1] INFO Motocliclisti.Repo.UserDbRepo - getting users from DB
2023-03-25 23:15:44,288 [1] INFO Motocliclisti.Repo.UserDbRepo - --user found
2023-03-25 23:15:44,291 [1] INFO Motocliclisti.Repo.ProbeDbRepo - getting probes from DB
2023-03-25 23:15:45,834 [1] INFO Motocliclisti.Repo.ProbeDbRepo - getting probes from DB
2023-03-25 23:15:45,836 [1] INFO Motocliclisti.Repo.TeamDbRepo - getting teams from DB
2023-03-25 23:15:54,107 [1] INFO Motocliclisti.Repo.ParticipantDbRepo - getting participants from DB
2023-03-25 23:15:54,108 [1] INFO Motocliclisti.Repo.TeamDbRepo - getting teams from DB
2023-03-25 23:15:54,109 [1] INFO Motocliclisti.Repo.ParticipantDbRepo - adding new participant
2023-03-25 23:16:17,437 [1] DEBUG Motocliclisti.Form1 - Test
2023-03-25 23:16:17,451 [1] INFO Motocliclisti.Repo.UserDbRepo - creating UserDBRepo
2023-03-25 23:16:17,452 [1] INFO Motocliclisti.Repo.ParticipantDbRepo - creating TeamDBRepo
2023-03-25 23:16:19,773 [1] INFO Motocliclisti.Repo.UserDbRepo - creating UserDBRepo
2023-03-25 23:16:19,774 [1] INFO Motocliclisti.Repo.UserDbRepo - searching for user a
2023-03-25 23:16:19,788 [1] INFO Motocliclisti.Repo.UserDbRepo - getting users from DB
2023-03-25 23:16:19,898 [1] INFO Motocliclisti.Repo.UserDbRepo - --user found
2023-03-25 23:16:19,901 [1] INFO Motocliclisti.Repo.ProbeDbRepo - getting probes from DB
2023-03-25 23:16:21,702 [1] INFO Motocliclisti.Repo.ProbeDbRepo - getting probes from DB
2023-03-25 23:16:21,703 [1] INFO Motocliclisti.Repo.TeamDbRepo - getting teams from DB
2023-03-25 23:16:33,502 [1] INFO Motocliclisti.Repo.ParticipantDbRepo - getting participants from DB
2023-03-25 23:16:33,504 [1] INFO Motocliclisti.Repo.TeamDbRepo - getting teams from DB
2023-03-25 23:16:33,507 [1] INFO Motocliclisti.Repo.ParticipantDbRepo - adding new participant
2023-03-25 23:16:33,527 [1] INFO Motocliclisti.Repo.ParticipantDbRepo - participant added
2023-03-25 23:17:51,884 [1] DEBUG Motocliclisti.Form1 - Test
2023-03-25 23:17:51,899 [1] INFO Motocliclisti.Repo.UserDbRepo - creating UserDBRepo
2023-03-25 23:17:51,899 [1] INFO Motocliclisti.Repo.ParticipantDbRepo - creating TeamDBRepo
2023-03-25 23:17:55,141 [1] INFO Motocliclisti.Repo.UserDbRepo - creating UserDBRepo
2023-03-25 23:17:55,142 [1] INFO Motocliclisti.Repo.UserDbRepo - searching for user a
2023-03-25 23:17:55,155 [1] INFO Motocliclisti.Repo.UserDbRepo - getting users from DB
2023-03-25 23:17:55,250 [1] INFO Motocliclisti.Repo.UserDbRepo - --user found
2023-03-25 23:17:55,253 [1] INFO Motocliclisti.Repo.ProbeDbRepo - getting probes from DB
2023-03-25 23:18:00,516 [1] INFO Motocliclisti.Repo.TeamDbRepo - getting teams from DB
2023-03-25 23:18:00,520 [1] INFO Motocliclisti.Repo.ParticipantDbRepo - getting participants by team
